<?xml version="1.0" encoding="utf-8"?><testsuites name="pytest tests"><testsuite name="pytest" errors="0" failures="0" skipped="0" tests="17" time="2.315" timestamp="2026-06-07T22:36:29.834232+00:00" hostname="agent-env-e87019ba-56a4-4e35-b762-5f091eeed122"><testcase classname="backend.tests.test_landing_waitlist.TestLandingPulse" name="test_pulse_status_and_shape" time="0.244" /><testcase classname="backend.tests.test_landing_waitlist.TestLandingPulse" name="test_pulse_values_non_negative_and_typed" time="0.116" /><testcase classname="backend.tests.test_landing_waitlist.TestLandingPulse" name="test_pulse_curated_non_zero" time="0.158" /><testcase classname="backend.tests.test_landing_waitlist.TestLandingCities" name="test_cities_status_and_count" time="0.145" /><testcase classname="backend.tests.test_landing_waitlist.TestLandingCities" name="test_cities_schema" time="0.128" /><testcase classname="backend.tests.test_landing_waitlist.TestLandingCities" name="test_cities_islands_present" time="0.123" /><testcase classname="backend.tests.test_landing_waitlist.TestLandingCities" name="test_cities_have_some_events" time="0.105" /><testcase classname="backend.tests.test_landing_waitlist.TestWaitlistCheck" name="test_check_available" time="0.119" /><testcase classname="backend.tests.test_landing_waitlist.TestWaitlistCheck" name="test_check_reserved" time="0.108" /><testcase classname="backend.tests.test_landing_waitlist.TestWaitlistCheck" name="test_check_invalid_chars" time="0.103" /><testcase classname="backend.tests.test_landing_waitlist.TestWaitlistCheck" name="test_check_too_short" time="0.112" /><testcase classname="backend.tests.test_landing_waitlist.TestWaitlistCheck" name="test_check_empty" time="0.107" /><testcase classname="backend.tests.test_landing_waitlist.TestWaitlistReserve" name="test_csrf_exempt_reserve_works_without_token" time="0.178" /><testcase classname="backend.tests.test_landing_waitlist.TestWaitlistReserve" name="test_idempotent_same_payload" time="0.113" /><testcase classname="backend.tests.test_landing_waitlist.TestWaitlistReserve" name="test_conflict_different_email_same_username" time="0.109" /><testcase classname="backend.tests.test_landing_waitlist.TestWaitlistReserve" name="test_reserved_username_admin" time="0.153" /><testcase classname="backend.tests.test_landing_waitlist.TestWaitlistReserve" name="test_invalid_email_422" time="0.111" /></testsuite></testsuites>