<?xml version="1.0" encoding="utf-8"?><testsuites name="pytest tests"><testsuite name="pytest" errors="0" failures="2" skipped="0" tests="23" time="7.982" timestamp="2026-06-13T09:23:49.955623+00:00" hostname="agent-env-91d66485-7d80-46e6-bdb3-39ddc41e061b"><testcase classname="backend.tests.test_lusorae_phase2_3.TestAdminLogin" name="test_admin_login" time="0.398" /><testcase classname="backend.tests.test_lusorae_phase2_3.TestWaitlist" name="test_waitlist_join_with_handle" time="0.098" /><testcase classname="backend.tests.test_lusorae_phase2_3.TestWaitlist" name="test_waitlist_idempotent_by_email" time="0.203" /><testcase classname="backend.tests.test_lusorae_phase2_3.TestWaitlist" name="test_waitlist_invalid_handle" time="0.095" /><testcase classname="backend.tests.test_lusorae_phase2_3.TestWaitlist" name="test_waitlist_reserved_handle" time="0.185"><failure message="AssertionError: expected 409 reserved, got 429 {&quot;detail&quot;:&quot;Demasiadas tentativas. Aguarda um minuto e tenta novamente.&quot;}&#10;assert 429 == 409&#10; +  where 429 = &lt;Response [429]&gt;.status_code">backend/tests/test_lusorae_phase2_3.py:123: in test_waitlist_reserved_handle
    assert r2.status_code == 409, f"expected 409 reserved, got {r2.status_code} {r2.text}"
E   AssertionError: expected 409 reserved, got 429 {"detail":"Demasiadas tentativas. Aguarda um minuto e tenta novamente."}
E   assert 429 == 409
E    +  where 429 = &lt;Response [429]&gt;.status_code</failure></testcase><testcase classname="backend.tests.test_lusorae_phase2_3.TestWaitlist" name="test_waitlist_check_available" time="0.103" /><testcase classname="backend.tests.test_lusorae_phase2_3.TestWaitlist" name="test_waitlist_check_user_exists" time="0.096" /><testcase classname="backend.tests.test_lusorae_phase2_3.TestWaitlist" name="test_waitlist_check_invalid_handle" time="0.097" /><testcase classname="backend.tests.test_lusorae_phase2_3.TestWaitlist" name="test_waitlist_stats" time="0.125" /><testcase classname="backend.tests.test_lusorae_phase2_3.TestInterests" name="test_save_and_get_interests" time="0.420" /><testcase classname="backend.tests.test_lusorae_phase2_3.TestInterests" name="test_suggestions_use_interests_signal" time="0.417" /><testcase classname="backend.tests.test_lusorae_phase2_3.TestInvites" name="test_generate_three_idempotent" time="0.421" /><testcase classname="backend.tests.test_lusorae_phase2_3.TestInvites" name="test_mine_metadata" time="0.440" /><testcase classname="backend.tests.test_lusorae_phase2_3.TestInvites" name="test_redemption_unlocks_founder" time="1.497" /><testcase classname="backend.tests.test_lusorae_phase2_3.TestPush" name="test_vapid_public_key" time="0.096" /><testcase classname="backend.tests.test_lusorae_phase2_3.TestPush" name="test_subscribe_unsubscribe_unique_endpoint" time="0.496" /><testcase classname="backend.tests.test_lusorae_phase2_3.TestAutomod" name="test_automod_check_clean" time="0.386" /><testcase classname="backend.tests.test_lusorae_phase2_3.TestAutomod" name="test_automod_check_slur" time="0.372" /><testcase classname="backend.tests.test_lusorae_phase2_3.TestAutomod" name="test_post_creation_normal" time="0.381"><failure message="AssertionError: normal post should succeed: 422 {&quot;detail&quot;:[{&quot;type&quot;:&quot;missing&quot;,&quot;loc&quot;:[&quot;body&quot;,&quot;content&quot;],&quot;msg&quot;:&quot;Field required&quot;,&quot;input&quot;:{&quot;body&quot;:&quot;Bom dia a todos! Hoje vou ao Porto.&quot;},&quot;url&quot;:&quot;https://errors.pydantic.dev/2.13/v/missing&quot;}]}&#10;assert 422 in (200, 201)&#10; +  where 422 = &lt;Response [422]&gt;.status_code">backend/tests/test_lusorae_phase2_3.py:292: in test_post_creation_normal
    assert r.status_code in (200, 201), f"normal post should succeed: {r.status_code} {r.text}"
E   AssertionError: normal post should succeed: 422 {"detail":[{"type":"missing","loc":["body","content"],"msg":"Field required","input":{"body":"Bom dia a todos! Hoje vou ao Porto."},"url":"https://errors.pydantic.dev/2.13/v/missing"}]}
E   assert 422 in (200, 201)
E    +  where 422 = &lt;Response [422]&gt;.status_code</failure></testcase><testcase classname="backend.tests.test_lusorae_phase2_3.TestAutomod" name="test_post_creation_slur_blocked" time="0.367" /><testcase classname="backend.tests.test_lusorae_phase2_3.TestAutomod" name="test_post_creation_allcaps_blocked" time="0.363" /><testcase classname="backend.tests.test_lusorae_phase2_3.TestAutomod" name="test_post_creation_repetition_blocked" time="0.373" /><testcase classname="backend.tests.test_lusorae_phase2_3.TestAutomod" name="test_post_creation_many_urls_blocked" time="0.364" /></testsuite></testsuites>