<?xml version="1.0" encoding="utf-8"?><testsuites name="pytest tests"><testsuite name="pytest" errors="0" failures="0" skipped="0" tests="55" time="12.155" timestamp="2026-05-13T03:00:37.836131+00:00" hostname="agent-env-563ef0c8-1e85-4638-a64b-349414c9768f"><testcase classname="backend.tests.test_new_features.TestPasswordRecovery" name="test_forgot_returns_dev_token_and_reset_changes_password" time="1.682" /><testcase classname="backend.tests.test_new_features.TestPasswordRecovery" name="test_reset_with_invalid_token_fails" time="0.107" /><testcase classname="backend.tests.test_new_features.TestPasswordRecovery" name="test_forgot_for_unknown_email_still_ok" time="0.124" /><testcase classname="backend.tests.test_new_features.TestCommunities" name="test_create_community_with_slug" time="0.417" /><testcase classname="backend.tests.test_new_features.TestCommunities" name="test_list_communities" time="0.068" /><testcase classname="backend.tests.test_new_features.TestCommunities" name="test_get_one_community" time="0.067" /><testcase classname="backend.tests.test_new_features.TestCommunities" name="test_post_to_community_requires_membership" time="0.433" /><testcase classname="backend.tests.test_new_features.TestCommunities" name="test_join_community_then_post" time="0.149" /><testcase classname="backend.tests.test_new_features.TestCommunities" name="test_community_posts_list_contains_post" time="0.073" /><testcase classname="backend.tests.test_new_features.TestCommunities" name="test_join_toggle_leaves" time="0.171" /><testcase classname="backend.tests.test_new_features.TestEvents" name="test_create_event" time="0.065" /><testcase classname="backend.tests.test_new_features.TestEvents" name="test_list_events_sorted" time="0.068" /><testcase classname="backend.tests.test_new_features.TestEvents" name="test_get_event" time="0.069" /><testcase classname="backend.tests.test_new_features.TestEvents" name="test_attend_toggle" time="0.149" /><testcase classname="backend.tests.test_new_features.TestFollowsLists" name="test_followers_and_following_after_follow" time="0.225" /><testcase classname="backend.tests.test_new_features.TestPrivacy" name="test_set_private_hides_profile_and_posts_from_non_followers" time="0.715" /><testcase classname="backend.tests.test_new_features.TestPrivacy" name="test_self_can_view_own_private" time="0.077" /><testcase classname="backend.tests.test_new_features.TestReputationOnline" name="test_reputation_fields_present" time="0.073" /><testcase classname="backend.tests.test_new_features.TestReputationOnline" name="test_online_status_true_after_recent_activity" time="0.144" /><testcase classname="backend.tests.test_new_features.TestOnboarding" name="test_new_user_onboarded_false_then_true" time="0.538" /><testcase classname="backend.tests.test_new_features.TestGlobalSearch" name="test_search_returns_users_posts_tags" time="0.459" /><testcase classname="backend.tests.test_vermillion.TestAuth" name="test_admin_login_sets_cookie_and_returns_user" time="1.493" /><testcase classname="backend.tests.test_vermillion.TestAuth" name="test_me_requires_auth" time="0.127" /><testcase classname="backend.tests.test_vermillion.TestAuth" name="test_me_with_session" time="0.053" /><testcase classname="backend.tests.test_vermillion.TestAuth" name="test_invalid_login" time="0.455" /><testcase classname="backend.tests.test_vermillion.TestAuth" name="test_register_user_b_is_not_verified" time="0.000" /><testcase classname="backend.tests.test_vermillion.TestAuth" name="test_logout_clears_cookie" time="0.504" /><testcase classname="backend.tests.test_vermillion.TestUsers" name="test_get_user_profile" time="0.196" /><testcase classname="backend.tests.test_vermillion.TestUsers" name="test_user_not_found" time="0.049" /><testcase classname="backend.tests.test_vermillion.TestUsers" name="test_suggestions" time="0.063" /><testcase classname="backend.tests.test_vermillion.TestUsers" name="test_search" time="0.058" /><testcase classname="backend.tests.test_vermillion.TestUsers" name="test_follow_toggle" time="0.157" /><testcase classname="backend.tests.test_vermillion.TestUsers" name="test_cannot_follow_self" time="0.061" /><testcase classname="backend.tests.test_vermillion.TestUsers" name="test_patch_me" time="0.053" /><testcase classname="backend.tests.test_vermillion.TestPosts" name="test_create_post_with_hashtag_and_mention" time="0.056" /><testcase classname="backend.tests.test_vermillion.TestPosts" name="test_create_post_with_image" time="0.052" /><testcase classname="backend.tests.test_vermillion.TestPosts" name="test_post_appears_in_feed" time="0.055" /><testcase classname="backend.tests.test_vermillion.TestPosts" name="test_post_appears_in_explore" time="0.106" /><testcase classname="backend.tests.test_vermillion.TestPosts" name="test_hashtag_extraction_and_tag_endpoint" time="0.152" /><testcase classname="backend.tests.test_vermillion.TestPosts" name="test_mention_creates_notification" time="0.077" /><testcase classname="backend.tests.test_vermillion.TestPosts" name="test_like_toggle_and_notification" time="0.221" /><testcase classname="backend.tests.test_vermillion.TestPosts" name="test_bookmark_toggle" time="0.163" /><testcase classname="backend.tests.test_vermillion.TestPosts" name="test_repost_creates_entry_and_notification" time="0.216" /><testcase classname="backend.tests.test_vermillion.TestPosts" name="test_comment_with_mention" time="0.153" /><testcase classname="backend.tests.test_vermillion.TestPosts" name="test_list_comments" time="0.128" /><testcase classname="backend.tests.test_vermillion.TestPosts" name="test_user_posts_tabs" time="0.274" /><testcase classname="backend.tests.test_vermillion.TestPosts" name="test_get_single_post" time="0.115" /><testcase classname="backend.tests.test_vermillion.TestPosts" name="test_delete_post_forbidden_for_non_author" time="0.076" /><testcase classname="backend.tests.test_vermillion.TestStories" name="test_create_story_requires_image" time="0.069" /><testcase classname="backend.tests.test_vermillion.TestStories" name="test_create_and_list_story" time="0.269" /><testcase classname="backend.tests.test_vermillion.TestNotifications" name="test_unread_count_and_read_all" time="0.175" /><testcase classname="backend.tests.test_vermillion.TestMessages" name="test_send_and_fetch_messages" time="0.131" /><testcase classname="backend.tests.test_vermillion.TestMessages" name="test_conversations_listed" time="0.059" /><testcase classname="backend.tests.test_vermillion.TestMessages" name="test_messages_unread_count" time="0.063" /><testcase classname="backend.tests.test_vermillion.TestTrending" name="test_trending_returns_hashtags" time="0.256" /></testsuite></testsuites>