<?xml version="1.0" encoding="utf-8"?><testsuites name="pytest tests"><testsuite name="pytest" errors="0" failures="1" skipped="0" tests="50" time="8.260" timestamp="2026-05-13T13:23:07.674463+00:00" hostname="agent-env-4943b620-d5b7-45ef-895c-c73d77e91c8c"><testcase classname="backend.tests.test_portuguese_features.TestAuthMeAnonymousBoot" name="test_anonymous_me_returns_200_user_null" time="0.256" /><testcase classname="backend.tests.test_portuguese_features.TestAuthMeAnonymousBoot" name="test_authenticated_me_returns_user_object" time="0.440" /><testcase classname="backend.tests.test_portuguese_features.TestTrendingRanges" name="test_trending_1h" time="0.116" /><testcase classname="backend.tests.test_portuguese_features.TestTrendingRanges" name="test_trending_24h" time="0.102" /><testcase classname="backend.tests.test_portuguese_features.TestTrendingRanges" name="test_trending_7d" time="0.145" /><testcase classname="backend.tests.test_portuguese_features.TestTrendingRanges" name="test_trending_30d" time="0.106" /><testcase classname="backend.tests.test_portuguese_features.TestTrendingRanges" name="test_trending_pessoas" time="0.141" /><testcase classname="backend.tests.test_portuguese_features.TestTrendingRanges" name="test_trending_comunidades" time="0.123" /><testcase classname="backend.tests.test_portuguese_features.TestTrendingRanges" name="test_trending_cidades" time="0.119" /><testcase classname="backend.tests.test_portuguese_features.TestExploreByMood" name="test_explore_by_mood_saudade" time="0.126" /><testcase classname="backend.tests.test_portuguese_features.TestExploreByMood" name="test_explore_by_mood_tasca" time="0.126" /><testcase classname="backend.tests.test_portuguese_features.TestExploreByMood" name="test_explore_by_mood_festa" time="0.111" /><testcase classname="backend.tests.test_portuguese_features.TestExploreByMood" name="test_explore_by_mood_fado" time="0.121" /><testcase classname="backend.tests.test_portuguese_features.TestExploreByMood" name="test_explore_by_mood_empty" time="0.118"><failure message="assert 400 == 200&#10; +  where 400 = &lt;Response [400]&gt;.status_code">backend/tests/test_portuguese_features.py:117: in test_explore_by_mood_empty
    assert r.status_code == 200
E   assert 400 == 200
E    +  where 400 = &lt;Response [400]&gt;.status_code</failure></testcase><testcase classname="backend.tests.test_portuguese_features.TestUserBadges" name="test_admin_badges" time="0.108" /><testcase classname="backend.tests.test_portuguese_features.TestUserBadges" name="test_unknown_user_badges_returns_404_or_empty" time="0.098" /><testcase classname="backend.tests.test_vermillion.TestAuth" name="test_admin_login_sets_cookie_and_returns_user" time="1.429" /><testcase classname="backend.tests.test_vermillion.TestAuth" name="test_me_anonymous_returns_user_null" time="0.112" /><testcase classname="backend.tests.test_vermillion.TestAuth" name="test_me_with_session" time="0.050" /><testcase classname="backend.tests.test_vermillion.TestAuth" name="test_invalid_login" time="0.348" /><testcase classname="backend.tests.test_vermillion.TestAuth" name="test_register_user_b_is_not_verified" time="0.000" /><testcase classname="backend.tests.test_vermillion.TestAuth" name="test_logout_clears_cookie" time="0.469" /><testcase classname="backend.tests.test_vermillion.TestUsers" name="test_get_user_profile" time="0.053" /><testcase classname="backend.tests.test_vermillion.TestUsers" name="test_user_not_found" time="0.050" /><testcase classname="backend.tests.test_vermillion.TestUsers" name="test_suggestions" time="0.052" /><testcase classname="backend.tests.test_vermillion.TestUsers" name="test_search" time="0.049" /><testcase classname="backend.tests.test_vermillion.TestUsers" name="test_follow_toggle" time="0.143" /><testcase classname="backend.tests.test_vermillion.TestUsers" name="test_cannot_follow_self" time="0.072" /><testcase classname="backend.tests.test_vermillion.TestUsers" name="test_patch_me" time="0.057" /><testcase classname="backend.tests.test_vermillion.TestPosts" name="test_create_post_with_hashtag_and_mention" time="0.062" /><testcase classname="backend.tests.test_vermillion.TestPosts" name="test_create_post_with_image" time="0.056" /><testcase classname="backend.tests.test_vermillion.TestPosts" name="test_post_appears_in_feed" time="0.056" /><testcase classname="backend.tests.test_vermillion.TestPosts" name="test_post_appears_in_explore" time="0.167" /><testcase classname="backend.tests.test_vermillion.TestPosts" name="test_hashtag_extraction_and_tag_endpoint" time="0.130" /><testcase classname="backend.tests.test_vermillion.TestPosts" name="test_mention_creates_notification" time="0.083" /><testcase classname="backend.tests.test_vermillion.TestPosts" name="test_like_toggle_and_notification" time="0.235" /><testcase classname="backend.tests.test_vermillion.TestPosts" name="test_bookmark_toggle" time="0.139" /><testcase classname="backend.tests.test_vermillion.TestPosts" name="test_repost_creates_entry_and_notification" time="0.204" /><testcase classname="backend.tests.test_vermillion.TestPosts" name="test_comment_with_mention" time="0.138" /><testcase classname="backend.tests.test_vermillion.TestPosts" name="test_list_comments" time="0.121" /><testcase classname="backend.tests.test_vermillion.TestPosts" name="test_user_posts_tabs" time="0.228" /><testcase classname="backend.tests.test_vermillion.TestPosts" name="test_get_single_post" time="0.113" /><testcase classname="backend.tests.test_vermillion.TestPosts" name="test_delete_post_forbidden_for_non_author" time="0.076" /><testcase classname="backend.tests.test_vermillion.TestStories" name="test_create_story_requires_image" time="0.064" /><testcase classname="backend.tests.test_vermillion.TestStories" name="test_create_and_list_story" time="0.248" /><testcase classname="backend.tests.test_vermillion.TestNotifications" name="test_unread_count_and_read_all" time="0.240" /><testcase classname="backend.tests.test_vermillion.TestMessages" name="test_send_and_fetch_messages" time="0.131" /><testcase classname="backend.tests.test_vermillion.TestMessages" name="test_conversations_listed" time="0.054" /><testcase classname="backend.tests.test_vermillion.TestMessages" name="test_messages_unread_count" time="0.055" /><testcase classname="backend.tests.test_vermillion.TestTrending" name="test_trending_returns_hashtags" time="0.240" /></testsuite></testsuites>