<?xml version="1.0" encoding="utf-8"?><testsuites name="pytest tests"><testsuite name="pytest" errors="0" failures="1" skipped="1" tests="20" time="82.002" timestamp="2026-05-13T18:08:19.425219+00:00" hostname="agent-env-386cc330-e24d-421b-886d-94ddce964303"><testcase classname="backend.tests.test_v3_features.TestFeedV2" name="test_feed_v2_returns_list_for_bea" time="0.576" /><testcase classname="backend.tests.test_v3_features.TestFeedV2" name="test_feed_v2_post_shape_and_reasons" time="0.463" /><testcase classname="backend.tests.test_v3_features.TestFeedMix" name="test_feed_mix_normalizes" time="0.436" /><testcase classname="backend.tests.test_v3_features.TestFeedMix" name="test_feed_mix_zero_total_400" time="0.443" /><testcase classname="backend.tests.test_v3_features.TestStreak" name="test_get_streak_shape" time="0.471" /><testcase classname="backend.tests.test_v3_features.TestStreak" name="test_post_increments_streak" time="0.766" /><testcase classname="backend.tests.test_v3_features.TestMesa" name="test_mesa_empty_initially" time="0.486" /><testcase classname="backend.tests.test_v3_features.TestMesa" name="test_mesa_requires_roda_first" time="0.750" /><testcase classname="backend.tests.test_v3_features.TestMesa" name="test_mesa_toggle_after_roda" time="0.932" /><testcase classname="backend.tests.test_v3_features.TestCharmsProgress" name="test_charms_progress_shape" time="0.420" /><testcase classname="backend.tests.test_v3_features.TestHashtagSuggest" name="test_suggest_popular" time="0.429" /><testcase classname="backend.tests.test_v3_features.TestHashtagSuggest" name="test_suggest_prefix" time="0.396" /><testcase classname="backend.tests.test_v3_features.TestTrendingPulse" name="test_pulse_returns_7_days" time="0.168" /><testcase classname="backend.tests.test_v3_features.TestNotificationsPriority" name="test_priority_groups_shape" time="0.492" /><testcase classname="backend.tests.test_v3_features.TestFeedMesa" name="test_feed_mesa_returns_list" time="0.508" /><testcase classname="backend.tests.test_v3_features.TestEmojiPack" name="test_get_emoji_pack_public" time="0.110" /><testcase classname="backend.tests.test_v3_features.TestEmojiPack" name="test_put_emoji_pack_owner_required" time="0.413" /><testcase classname="backend.tests.test_v3_features.TestGetUserRegression" name="test_public_user_includes_new_fields" time="0.108" /><testcase classname="backend.tests.test_v3_features.TestWebSocket" name="test_ws_ping_pong" time="60.538"><failure message="AssertionError: did not receive pong&#10;assert False">backend/tests/test_v3_features.py:311: in test_ws_ping_pong
    assert got_pong, "did not receive pong"
E   AssertionError: did not receive pong
E   assert False</failure></testcase><testcase classname="backend.tests.test_v3_features.TestWebSocket" name="test_ws_activity_new_post_broadcast" time="12.792"><skipped type="pytest.skip" message="No new_post activity broadcast received. messages=[{'type': 'hot'}, {'type': 'liveReload'}, {'type': 'reconnect', 'data': 10}, {'type': 'overlay', 'data': {'errors': True, 'warnings': False}}, {'type': 'hash', 'data': '67ce1953bdb4d9057c5e'}]">/app/backend/tests/test_v3_features.py:354: No new_post activity broadcast received. messages=[{'type': 'hot'}, {'type': 'liveReload'}, {'type': 'reconnect', 'data': 10}, {'type': 'overlay', 'data': {'errors': True, 'warnings': False}}, {'type': 'hash', 'data': '67ce1953bdb4d9057c5e'}]</skipped></testcase></testsuite></testsuites>